<?xml version="1.0" encoding="UTF-8"?>
<testsuite name="Academy Choucair" tests="1" skipped="0" failures="0" errors="0" timestamp="2021-09-17T18:32:26" hostname="DESKTOP-N8DH4DK" time="19.706">
  <properties/>
  <testcase name="Search for a automation course" classname="Academy Choucair" time="19.706"/>
  <system-out><![CDATA[]]></system-out>
  <system-err><![CDATA[[Test worker] WARN net.thucydides.core.steps.BaseStepListener - stepStarted: net.thucydides.core.steps.ExecutedStepDescription@49691d18
[Test worker] WARN net.thucydides.core.steps.BaseStepListener - stepStarted: net.thucydides.core.steps.ExecutedStepDescription@2c8d5417
[Test worker] WARN net.thucydides.core.steps.BaseStepListener - stepStarted: net.thucydides.core.steps.ExecutedStepDescription@1497ee56
sep 17, 2021 1:32:27 PM org.openqa.selenium.remote.DesiredCapabilities chrome
INFORMACIÓN: Using `new ChromeOptions()` is preferred to `DesiredCapabilities.chrome()`
[Test worker] INFO net.serenitybdd.core.webdriver.driverproviders.ProvideNewDriver - Instantiating driver
[Test worker] INFO net.serenitybdd.core.webdriver.driverproviders.ProvideNewDriver - Driver capabilities: Capabilities {acceptInsecureCerts: false, browserName: chrome, chrome.switches: --start-maximized, goog:chromeOptions: {args: [--start-maximized], extensions: []}, loggingPrefs: org.openqa.selenium.logging..., platform: ANY, version: }
Starting ChromeDriver 93.0.4577.63 (ff5c0da2ec0adeaed5550e6c7e98417dac77d98a-refs/branch-heads/4577@{#1135}) on port 7008
Only local connections are allowed.
Please see https://chromedriver.chromium.org/security-considerations for suggestions on keeping ChromeDriver safe.
ChromeDriver was started successfully.
sep 17, 2021 1:32:28 PM org.openqa.selenium.remote.ProtocolHandshake createSession
INFORMACIÓN: Detected dialect: W3C
[Test worker] WARN net.thucydides.core.steps.BaseStepListener - stepFinished: current outcome:Search for a automation course:Example: {strUser=1088344857, strPassword=Choucair2021*, strCourse=Patrones de Automatización} [Given than brandon wants to learn automation at the academy Choucair
| strUser | strPassword |
| 1088344857 | Choucair2021* | [Brandon open up [Brandon opens the Choucair academy page]]]
[Test worker] WARN net.thucydides.core.steps.BaseStepListener - stepFinished: current outcome:Search for a automation course:Example: {strUser=1088344857, strPassword=Choucair2021*, strCourse=Patrones de Automatización} [Given than brandon wants to learn automation at the academy Choucair
| strUser | strPassword |
| 1088344857 | Choucair2021* | [Brandon open up [Brandon opens the Choucair academy page]]]
[Test worker] WARN net.thucydides.core.steps.BaseStepListener - stepStarted: net.thucydides.core.steps.ExecutedStepDescription@cb04f39
[Test worker] WARN net.thucydides.core.steps.BaseStepListener - stepStarted: net.thucydides.core.steps.ExecutedStepDescription@2b434804
[Test worker] WARN net.thucydides.core.steps.BaseStepListener - stepFinished: current outcome:Search for a automation course:Example: {strUser=1088344857, strPassword=Choucair2021*, strCourse=Patrones de Automatización} [Given than brandon wants to learn automation at the academy Choucair
| strUser | strPassword |
| 1088344857 | Choucair2021* | [Brandon open up [Brandon opens the Choucair academy page], Brandon login [Brandon clicks on button that shows us the form to login]]]
[Test worker] WARN net.thucydides.core.steps.BaseStepListener - stepStarted: net.thucydides.core.steps.ExecutedStepDescription@33f7185e
[Test worker] WARN net.thucydides.core.steps.BaseStepListener - stepFinished: current outcome:Search for a automation course:Example: {strUser=1088344857, strPassword=Choucair2021*, strCourse=Patrones de Automatización} [Given than brandon wants to learn automation at the academy Choucair
| strUser | strPassword |
| 1088344857 | Choucair2021* | [Brandon open up [Brandon opens the Choucair academy page], Brandon login [Brandon clicks on button that shows us the form to login, Brandon enters '1088344857' into Where do write the user]]]
[Test worker] WARN net.thucydides.core.steps.BaseStepListener - stepStarted: net.thucydides.core.steps.ExecutedStepDescription@596ce84d
[Test worker] WARN net.thucydides.core.steps.BaseStepListener - stepFinished: current outcome:Search for a automation course:Example: {strUser=1088344857, strPassword=Choucair2021*, strCourse=Patrones de Automatización} [Given than brandon wants to learn automation at the academy Choucair
| strUser | strPassword |
| 1088344857 | Choucair2021* | [Brandon open up [Brandon opens the Choucair academy page], Brandon login [Brandon clicks on button that shows us the form to login, Brandon enters '1088344857' into Where do write the user, Brandon enters 'Choucair2021*' into where do write the password]]]
[Test worker] WARN net.thucydides.core.steps.BaseStepListener - stepStarted: net.thucydides.core.steps.ExecutedStepDescription@e5ff2aa
[Test worker] WARN net.thucydides.core.steps.BaseStepListener - stepFinished: current outcome:Search for a automation course:Example: {strUser=1088344857, strPassword=Choucair2021*, strCourse=Patrones de Automatización} [Given than brandon wants to learn automation at the academy Choucair
| strUser | strPassword |
| 1088344857 | Choucair2021* | [Brandon open up [Brandon opens the Choucair academy page], Brandon login [Brandon clicks on button that shows us the form to login, Brandon enters '1088344857' into Where do write the user, Brandon enters 'Choucair2021*' into where do write the password, Brandon clicks on button to confirm login]]]
[Test worker] WARN net.thucydides.core.steps.BaseStepListener - stepFinished: current outcome:Search for a automation course:Example: {strUser=1088344857, strPassword=Choucair2021*, strCourse=Patrones de Automatización} [Given than brandon wants to learn automation at the academy Choucair
| strUser | strPassword |
| 1088344857 | Choucair2021* | [Brandon open up [Brandon opens the Choucair academy page], Brandon login [Brandon clicks on button that shows us the form to login, Brandon enters '1088344857' into Where do write the user, Brandon enters 'Choucair2021*' into where do write the password, Brandon clicks on button to confirm login]]]
[Test worker] WARN net.thucydides.core.steps.BaseStepListener - stepFinished: current outcome:Search for a automation course:Example: {strUser=1088344857, strPassword=Choucair2021*, strCourse=Patrones de Automatización} [Given than brandon wants to learn automation at the academy Choucair
| strUser | strPassword |
| 1088344857 | Choucair2021* | [Brandon open up [Brandon opens the Choucair academy page], Brandon login [Brandon clicks on button that shows us the form to login, Brandon enters '1088344857' into Where do write the user, Brandon enters 'Choucair2021*' into where do write the password, Brandon clicks on button to confirm login]]]
[Test worker] WARN net.thucydides.core.steps.BaseStepListener - stepStarted: net.thucydides.core.steps.ExecutedStepDescription@704cc94a
[Test worker] WARN net.thucydides.core.steps.BaseStepListener - stepStarted: net.thucydides.core.steps.ExecutedStepDescription@63a643a
[Test worker] WARN net.thucydides.core.steps.BaseStepListener - stepStarted: net.thucydides.core.steps.ExecutedStepDescription@5005da71
[Test worker] WARN net.thucydides.core.steps.BaseStepListener - stepFinished: current outcome:Search for a automation course:Example: {strUser=1088344857, strPassword=Choucair2021*, strCourse=Patrones de Automatización} [Given than brandon wants to learn automation at the academy Choucair
| strUser | strPassword |
| 1088344857 | Choucair2021* | [Brandon open up [Brandon opens the Choucair academy page], Brandon login [Brandon clicks on button that shows us the form to login, Brandon enters '1088344857' into Where do write the user, Brandon enters 'Choucair2021*' into where do write the password, Brandon clicks on button to confirm login]], When he search for the course  on the choucair academy plataform
| strCourse |
| Patrones de Automatización | [Brandon search [Brandon clicks on Selected la universidad choucair]]]
[Test worker] WARN net.thucydides.core.steps.BaseStepListener - stepStarted: net.thucydides.core.steps.ExecutedStepDescription@373d8d04
[Test worker] WARN net.thucydides.core.steps.BaseStepListener - stepFinished: current outcome:Search for a automation course:Example: {strUser=1088344857, strPassword=Choucair2021*, strCourse=Patrones de Automatización} [Given than brandon wants to learn automation at the academy Choucair
| strUser | strPassword |
| 1088344857 | Choucair2021* | [Brandon open up [Brandon opens the Choucair academy page], Brandon login [Brandon clicks on button that shows us the form to login, Brandon enters '1088344857' into Where do write the user, Brandon enters 'Choucair2021*' into where do write the password, Brandon clicks on button to confirm login]], When he search for the course  on the choucair academy plataform
| strCourse |
| Patrones de Automatización | [Brandon search [Brandon clicks on Selected la universidad choucair, Brandon enters 'Patrones de Automatización' into Search the course]]]
[Test worker] WARN net.thucydides.core.steps.BaseStepListener - stepStarted: net.thucydides.core.steps.ExecutedStepDescription@591b2bc6
[Test worker] WARN net.thucydides.core.steps.BaseStepListener - stepFinished: current outcome:Search for a automation course:Example: {strUser=1088344857, strPassword=Choucair2021*, strCourse=Patrones de Automatización} [Given than brandon wants to learn automation at the academy Choucair
| strUser | strPassword |
| 1088344857 | Choucair2021* | [Brandon open up [Brandon opens the Choucair academy page], Brandon login [Brandon clicks on button that shows us the form to login, Brandon enters '1088344857' into Where do write the user, Brandon enters 'Choucair2021*' into where do write the password, Brandon clicks on button to confirm login]], When he search for the course  on the choucair academy plataform
| strCourse |
| Patrones de Automatización | [Brandon search [Brandon clicks on Selected la universidad choucair, Brandon enters 'Patrones de Automatización' into Search the course, Brandon clicks on Search the course]]]
[Test worker] WARN net.thucydides.core.steps.BaseStepListener - stepStarted: net.thucydides.core.steps.ExecutedStepDescription@362504dc
[Test worker] WARN net.thucydides.core.steps.BaseStepListener - stepFinished: current outcome:Search for a automation course:Example: {strUser=1088344857, strPassword=Choucair2021*, strCourse=Patrones de Automatización} [Given than brandon wants to learn automation at the academy Choucair
| strUser | strPassword |
| 1088344857 | Choucair2021* | [Brandon open up [Brandon opens the Choucair academy page], Brandon login [Brandon clicks on button that shows us the form to login, Brandon enters '1088344857' into Where do write the user, Brandon enters 'Choucair2021*' into where do write the password, Brandon clicks on button to confirm login]], When he search for the course  on the choucair academy plataform
| strCourse |
| Patrones de Automatización | [Brandon search [Brandon clicks on Selected la universidad choucair, Brandon enters 'Patrones de Automatización' into Search the course, Brandon clicks on Search the course, Brandon clicks on Push click for do the action]]]
[Test worker] WARN net.thucydides.core.steps.BaseStepListener - stepFinished: current outcome:Search for a automation course:Example: {strUser=1088344857, strPassword=Choucair2021*, strCourse=Patrones de Automatización} [Given than brandon wants to learn automation at the academy Choucair
| strUser | strPassword |
| 1088344857 | Choucair2021* | [Brandon open up [Brandon opens the Choucair academy page], Brandon login [Brandon clicks on button that shows us the form to login, Brandon enters '1088344857' into Where do write the user, Brandon enters 'Choucair2021*' into where do write the password, Brandon clicks on button to confirm login]], When he search for the course  on the choucair academy plataform
| strCourse |
| Patrones de Automatización | [Brandon search [Brandon clicks on Selected la universidad choucair, Brandon enters 'Patrones de Automatización' into Search the course, Brandon clicks on Search the course, Brandon clicks on Push click for do the action]]]
[Test worker] WARN net.thucydides.core.steps.BaseStepListener - stepFinished: current outcome:Search for a automation course:Example: {strUser=1088344857, strPassword=Choucair2021*, strCourse=Patrones de Automatización} [Given than brandon wants to learn automation at the academy Choucair
| strUser | strPassword |
| 1088344857 | Choucair2021* | [Brandon open up [Brandon opens the Choucair academy page], Brandon login [Brandon clicks on button that shows us the form to login, Brandon enters '1088344857' into Where do write the user, Brandon enters 'Choucair2021*' into where do write the password, Brandon clicks on button to confirm login]], When he search for the course  on the choucair academy plataform
| strCourse |
| Patrones de Automatización | [Brandon search [Brandon clicks on Selected la universidad choucair, Brandon enters 'Patrones de Automatización' into Search the course, Brandon clicks on Search the course, Brandon clicks on Push click for do the action]]]
[Test worker] WARN net.thucydides.core.steps.BaseStepListener - stepStarted: net.thucydides.core.steps.ExecutedStepDescription@64625705
[Test worker] WARN net.thucydides.core.steps.BaseStepListener - stepStarted: net.thucydides.core.steps.ExecutedStepDescription@7dccacbe
[Test worker] WARN net.thucydides.core.steps.BaseStepListener - stepFinished: current outcome:Search for a automation course:Example: {strUser=1088344857, strPassword=Choucair2021*, strCourse=Patrones de Automatización} [Given than brandon wants to learn automation at the academy Choucair
| strUser | strPassword |
| 1088344857 | Choucair2021* | [Brandon open up [Brandon opens the Choucair academy page], Brandon login [Brandon clicks on button that shows us the form to login, Brandon enters '1088344857' into Where do write the user, Brandon enters 'Choucair2021*' into where do write the password, Brandon clicks on button to confirm login]], When he search for the course  on the choucair academy plataform
| strCourse |
| Patrones de Automatización | [Brandon search [Brandon clicks on Selected la universidad choucair, Brandon enters 'Patrones de Automatización' into Search the course, Brandon clicks on Search the course, Brandon clicks on Push click for do the action]], Then he finds the course called
| strCourse |
| Patrones de Automatización | [Then answer]]
[Test worker] WARN net.thucydides.core.steps.BaseStepListener - stepFinished: current outcome:Search for a automation course:Example: {strUser=1088344857, strPassword=Choucair2021*, strCourse=Patrones de Automatización} [Given than brandon wants to learn automation at the academy Choucair
| strUser | strPassword |
| 1088344857 | Choucair2021* | [Brandon open up [Brandon opens the Choucair academy page], Brandon login [Brandon clicks on button that shows us the form to login, Brandon enters '1088344857' into Where do write the user, Brandon enters 'Choucair2021*' into where do write the password, Brandon clicks on button to confirm login]], When he search for the course  on the choucair academy plataform
| strCourse |
| Patrones de Automatización | [Brandon search [Brandon clicks on Selected la universidad choucair, Brandon enters 'Patrones de Automatización' into Search the course, Brandon clicks on Search the course, Brandon clicks on Push click for do the action]], Then he finds the course called
| strCourse |
| Patrones de Automatización | [Then answer]]
[Test worker] WARN net.thucydides.core.steps.BaseStepListener - stepFinished: current outcome:Search for a automation course:Example: {strUser=1088344857, strPassword=Choucair2021*, strCourse=Patrones de Automatización} [Given than brandon wants to learn automation at the academy Choucair
| strUser | strPassword |
| 1088344857 | Choucair2021* | [Brandon open up [Brandon opens the Choucair academy page], Brandon login [Brandon clicks on button that shows us the form to login, Brandon enters '1088344857' into Where do write the user, Brandon enters 'Choucair2021*' into where do write the password, Brandon clicks on button to confirm login]], When he search for the course  on the choucair academy plataform
| strCourse |
| Patrones de Automatización | [Brandon search [Brandon clicks on Selected la universidad choucair, Brandon enters 'Patrones de Automatización' into Search the course, Brandon clicks on Search the course, Brandon clicks on Push click for do the action]], Then he finds the course called
| strCourse |
| Patrones de Automatización | [Then answer]]
[Test worker] WARN net.thucydides.core.steps.BaseStepListener - testFinished: Search for a automation course:Example: {strUser=1088344857, strPassword=Choucair2021*, strCourse=Patrones de Automatización} [Given than brandon wants to learn automation at the academy Choucair
| strUser | strPassword |
| 1088344857 | Choucair2021* | [Brandon open up [Brandon opens the Choucair academy page], Brandon login [Brandon clicks on button that shows us the form to login, Brandon enters '1088344857' into Where do write the user, Brandon enters 'Choucair2021*' into where do write the password, Brandon clicks on button to confirm login]], When he search for the course  on the choucair academy plataform
| strCourse |
| Patrones de Automatización | [Brandon search [Brandon clicks on Selected la universidad choucair, Brandon enters 'Patrones de Automatización' into Search the course, Brandon clicks on Search the course, Brandon clicks on Push click for do the action]], Then he finds the course called
| strCourse |
| Patrones de Automatización | [Then answer]]
[Test worker] WARN net.thucydides.core.steps.BaseStepListener - TestOutcomes: [Search for a automation course:Example: {strUser=1088344857, strPassword=Choucair2021*, strCourse=Patrones de Automatización} [Given than brandon wants to learn automation at the academy Choucair
| strUser | strPassword |
| 1088344857 | Choucair2021* | [Brandon open up [Brandon opens the Choucair academy page], Brandon login [Brandon clicks on button that shows us the form to login, Brandon enters '1088344857' into Where do write the user, Brandon enters 'Choucair2021*' into where do write the password, Brandon clicks on button to confirm login]], When he search for the course  on the choucair academy plataform
| strCourse |
| Patrones de Automatización | [Brandon search [Brandon clicks on Selected la universidad choucair, Brandon enters 'Patrones de Automatización' into Search the course, Brandon clicks on Search the course, Brandon clicks on Push click for do the action]], Then he finds the course called
| strCourse |
| Patrones de Automatización | [Then answer]]]
[Test worker] WARN net.thucydides.core.steps.BaseStepListener - Final testOutcomes: [Search for a automation course:Example: {strUser=1088344857, strPassword=Choucair2021*, strCourse=Patrones de Automatización} [Given than brandon wants to learn automation at the academy Choucair
| strUser | strPassword |
| 1088344857 | Choucair2021* | [Brandon open up [Brandon opens the Choucair academy page], Brandon login [Brandon clicks on button that shows us the form to login, Brandon enters '1088344857' into Where do write the user, Brandon enters 'Choucair2021*' into where do write the password, Brandon clicks on button to confirm login]], When he search for the course  on the choucair academy plataform
| strCourse |
| Patrones de Automatización | [Brandon search [Brandon clicks on Selected la universidad choucair, Brandon enters 'Patrones de Automatización' into Search the course, Brandon clicks on Search the course, Brandon clicks on Push click for do the action]], Then he finds the course called
| strCourse |
| Patrones de Automatización | [Then answer]]]
[Test worker] INFO net.thucydides.core.steps.ConsoleLoggingListener - 
        __    _____ _____ ____ _____   ____   _    ____  ____  _____ ____  
  _     \ \  |_   _| ____/ ___|_   _| |  _ \ / \  / ___|/ ___|| ____|  _ \ 
 (_)_____| |   | | |  _| \___ \ | |   | |_) / _ \ \___ \\___ \|  _| | | | |
  _|_____| |   | | | |___ ___) || |   |  __/ ___ \ ___) |___) | |___| |_| |
 (_)     | |   |_| |_____|____/ |_|   |_| /_/   \_\____/|____/|_____|____/ 
        /_/                                                                

TEST PASSED: Search for a automation course
----------------------------------------------------------------------------
]]></system-err>
</testsuite>
